<?xml version="1.0" encoding="UTF-8"?>
<testng-results skipped="0" failed="0" total="1" passed="1">
  <reporter-output>
  </reporter-output>
  <suite name="Default suite" duration-ms="16" started-at="2021-02-07T11:39:01Z" finished-at="2021-02-07T11:39:01Z">
    <groups>
    </groups>
    <test name="Default test" duration-ms="16" started-at="2021-02-07T11:39:01Z" finished-at="2021-02-07T11:39:01Z">
      <class name="studentApiTest.LoginTest">
        <test-method status="PASS" signature="loginTest()[pri:0, instance:studentApiTest.LoginTest@75bd9247]" name="loginTest" duration-ms="8" started-at="2021-02-07T17:09:01Z" finished-at="2021-02-07T17:09:01Z">
          <reporter-output>
          </reporter-output>
        </test-method> <!-- loginTest -->
      </class> <!-- studentApiTest.LoginTest -->
    </test> <!-- Default test -->
  </suite> <!-- Default suite -->
</testng-results>
